2020-06-16 23:05:43,471 - 
2020-06-16 23:05:43,471 - DfFlutistLog4JLogSystem initialized using logfile './log/velocity.log'
2020-06-16 23:05:43,471 - Initializing Velocity, Calling init()...
2020-06-16 23:05:43,472 - *******************************************************************
2020-06-16 23:05:43,472 - Starting Apache Velocity v1.7 (compiled: 2010-11-19 12:14:37)
2020-06-16 23:05:43,472 - RuntimeInstance initializing.
2020-06-16 23:05:43,472 - Default Properties File: org/apache/velocity/runtime/defaults/velocity.properties
2020-06-16 23:05:43,472 - Trying to use logger class org.dbflute.friends.velocity.DfFlutistLog4JLogSystem
2020-06-16 23:05:43,472 - Using logger class org.dbflute.friends.velocity.DfFlutistLog4JLogSystem
2020-06-16 23:05:43,474 - Default ResourceManager initializing. (class org.apache.velocity.runtime.resource.ResourceManagerImpl)
2020-06-16 23:05:43,479 - ResourceLoader instantiated: org.apache.velocity.runtime.resource.loader.FileResourceLoader
2020-06-16 23:05:43,480 - FileResourceLoader : initialization starting.
2020-06-16 23:05:43,480 - Do unicode file recognition:  false
2020-06-16 23:05:43,480 - FileResourceLoader : adding path '/Users/cistus/projects/java/springboot-demo/mydbflute/dbflute-1.2.1/templates'
2020-06-16 23:05:43,480 - FileResourceLoader : initialization complete.
2020-06-16 23:05:43,502 - ResourceCache: initialized (class org.apache.velocity.runtime.resource.ResourceCacheImpl) with class java.util.Collections$SynchronizedMap cache map.
2020-06-16 23:05:43,502 - Default ResourceManager initialization complete.
2020-06-16 23:05:43,503 - Loaded System Directive: org.apache.velocity.runtime.directive.Stop
2020-06-16 23:05:43,505 - Loaded System Directive: org.apache.velocity.runtime.directive.Define
2020-06-16 23:05:43,506 - Loaded System Directive: org.apache.velocity.runtime.directive.Break
2020-06-16 23:05:43,508 - Loaded System Directive: org.apache.velocity.runtime.directive.Evaluate
2020-06-16 23:05:43,510 - Loaded System Directive: org.apache.velocity.runtime.directive.Literal
2020-06-16 23:05:43,512 - Loaded System Directive: org.apache.velocity.runtime.directive.Macro
2020-06-16 23:05:43,514 - Loaded System Directive: org.apache.velocity.runtime.directive.Parse
2020-06-16 23:05:43,516 - Loaded System Directive: org.apache.velocity.runtime.directive.Include
2020-06-16 23:05:43,518 - Loaded System Directive: org.apache.velocity.runtime.directive.Foreach
2020-06-16 23:05:43,565 - Created '20' parsers.
2020-06-16 23:05:43,575 - Velocimacro : initialization starting.
2020-06-16 23:05:43,575 - Velocimacro : "velocimacro.library" is not set.  Trying default library: VM_global_library.vm
2020-06-16 23:05:43,576 - Velocimacro : Default library not found.
2020-06-16 23:05:43,576 - Velocimacro : allowInline = true : VMs can be defined inline in templates
2020-06-16 23:05:43,576 - Velocimacro : allowInlineToOverride = false : VMs defined inline may NOT replace previous VM definitions
2020-06-16 23:05:43,576 - Velocimacro : allowInlineLocal = false : VMs defined inline will be global in scope if allowed.
2020-06-16 23:05:43,576 - Velocimacro : autoload off : VM system will not automatically reload global library macros
2020-06-16 23:05:43,576 - Velocimacro : Velocimacro : initialization complete.
2020-06-16 23:05:43,576 - RuntimeInstance successfully initialized.
2020-06-16 23:05:43,603 - ResourceManager : found doc/ControlDocument.vm with loader org.apache.velocity.runtime.resource.loader.FileResourceLoader
2020-06-16 23:05:43,825 - Velocimacro : added VM escape: source=doc/html/datamodel.vm
2020-06-16 23:05:43,826 - ResourceManager : found doc/html/datamodel.vm with loader org.apache.velocity.runtime.resource.loader.FileResourceLoader
2020-06-16 23:05:43,894 - ResourceManager : found doc/html/table.vm with loader org.apache.velocity.runtime.resource.loader.FileResourceLoader
2020-06-16 23:05:43,942 - Velocimacro : VM addition rejected : escape : inline not allowed to replace existing VM
2020-06-16 23:05:43,942 - ResourceManager : found doc/html/diffmodel.vm with loader org.apache.velocity.runtime.resource.loader.FileResourceLoader
2020-06-16 23:05:46,684 - 
2020-06-16 23:05:46,685 - DfFlutistLog4JLogSystem initialized using logfile './log/velocity.log'
2020-06-16 23:05:46,685 - Initializing Velocity, Calling init()...
2020-06-16 23:05:46,685 - *******************************************************************
2020-06-16 23:05:46,685 - Starting Apache Velocity v1.7 (compiled: 2010-11-19 12:14:37)
2020-06-16 23:05:46,685 - RuntimeInstance initializing.
2020-06-16 23:05:46,685 - Default Properties File: org/apache/velocity/runtime/defaults/velocity.properties
2020-06-16 23:05:46,685 - Trying to use logger class org.dbflute.friends.velocity.DfFlutistLog4JLogSystem
2020-06-16 23:05:46,685 - Using logger class org.dbflute.friends.velocity.DfFlutistLog4JLogSystem
2020-06-16 23:05:46,688 - Default ResourceManager initializing. (class org.apache.velocity.runtime.resource.ResourceManagerImpl)
2020-06-16 23:05:46,693 - ResourceLoader instantiated: org.apache.velocity.runtime.resource.loader.FileResourceLoader
2020-06-16 23:05:46,695 - FileResourceLoader : initialization starting.
2020-06-16 23:05:46,695 - Do unicode file recognition:  false
2020-06-16 23:05:46,695 - FileResourceLoader : adding path '/Users/cistus/projects/java/springboot-demo/mydbflute/dbflute-1.2.1/templates'
2020-06-16 23:05:46,695 - FileResourceLoader : initialization complete.
2020-06-16 23:05:46,707 - ResourceCache: initialized (class org.apache.velocity.runtime.resource.ResourceCacheImpl) with class java.util.Collections$SynchronizedMap cache map.
2020-06-16 23:05:46,708 - Default ResourceManager initialization complete.
2020-06-16 23:05:46,711 - Loaded System Directive: org.apache.velocity.runtime.directive.Stop
2020-06-16 23:05:46,714 - Loaded System Directive: org.apache.velocity.runtime.directive.Define
2020-06-16 23:05:46,715 - Loaded System Directive: org.apache.velocity.runtime.directive.Break
2020-06-16 23:05:46,716 - Loaded System Directive: org.apache.velocity.runtime.directive.Evaluate
2020-06-16 23:05:46,717 - Loaded System Directive: org.apache.velocity.runtime.directive.Literal
2020-06-16 23:05:46,719 - Loaded System Directive: org.apache.velocity.runtime.directive.Macro
2020-06-16 23:05:46,721 - Loaded System Directive: org.apache.velocity.runtime.directive.Parse
2020-06-16 23:05:46,723 - Loaded System Directive: org.apache.velocity.runtime.directive.Include
2020-06-16 23:05:46,725 - Loaded System Directive: org.apache.velocity.runtime.directive.Foreach
2020-06-16 23:05:46,778 - Created '20' parsers.
2020-06-16 23:05:46,791 - Velocimacro : initialization starting.
2020-06-16 23:05:46,791 - Velocimacro : "velocimacro.library" is not set.  Trying default library: VM_global_library.vm
2020-06-16 23:05:46,791 - Velocimacro : Default library not found.
2020-06-16 23:05:46,791 - Velocimacro : allowInline = true : VMs can be defined inline in templates
2020-06-16 23:05:46,791 - Velocimacro : allowInlineToOverride = false : VMs defined inline may NOT replace previous VM definitions
2020-06-16 23:05:46,791 - Velocimacro : allowInlineLocal = false : VMs defined inline will be global in scope if allowed.
2020-06-16 23:05:46,791 - Velocimacro : autoload off : VM system will not automatically reload global library macros
2020-06-16 23:05:46,791 - Velocimacro : Velocimacro : initialization complete.
2020-06-16 23:05:46,791 - RuntimeInstance successfully initialized.
2020-06-16 23:05:46,895 - ResourceManager : found om/ControlGenerateJava.vm with loader org.apache.velocity.runtime.resource.loader.FileResourceLoader
2020-06-16 23:05:47,029 - ResourceManager : found om/java/allcommon/DBCurrent.vm with loader org.apache.velocity.runtime.resource.loader.FileResourceLoader
2020-06-16 23:05:47,042 - ResourceManager : found om/java/allcommon/DBFluteConfig.vm with loader org.apache.velocity.runtime.resource.loader.FileResourceLoader
2020-06-16 23:05:47,052 - Null reference [template 'om/java/allcommon/DBFluteConfig.vm', line 1171, column 59] : $PoolGuardConnectionWrapper cannot be resolved.
2020-06-16 23:05:47,062 - ResourceManager : found om/java/allcommon/DBFluteInitializer.vm with loader org.apache.velocity.runtime.resource.loader.FileResourceLoader
2020-06-16 23:05:47,073 - ResourceManager : found om/java/allcommon/DBMetaInstanceHandler.vm with loader org.apache.velocity.runtime.resource.loader.FileResourceLoader
2020-06-16 23:05:47,096 - ResourceManager : found om/java/allcommon/EntityDefinedCommonColumn.vm with loader org.apache.velocity.runtime.resource.loader.FileResourceLoader
2020-06-16 23:08:22,642 - 
2020-06-16 23:08:22,642 - DfFlutistLog4JLogSystem initialized using logfile './log/velocity.log'
2020-06-16 23:08:22,643 - Initializing Velocity, Calling init()...
2020-06-16 23:08:22,643 - *******************************************************************
2020-06-16 23:08:22,643 - Starting Apache Velocity v1.7 (compiled: 2010-11-19 12:14:37)
2020-06-16 23:08:22,643 - RuntimeInstance initializing.
2020-06-16 23:08:22,643 - Default Properties File: org/apache/velocity/runtime/defaults/velocity.properties
2020-06-16 23:08:22,643 - Trying to use logger class org.dbflute.friends.velocity.DfFlutistLog4JLogSystem
2020-06-16 23:08:22,643 - Using logger class org.dbflute.friends.velocity.DfFlutistLog4JLogSystem
2020-06-16 23:08:22,646 - Default ResourceManager initializing. (class org.apache.velocity.runtime.resource.ResourceManagerImpl)
2020-06-16 23:08:22,653 - ResourceLoader instantiated: org.apache.velocity.runtime.resource.loader.FileResourceLoader
2020-06-16 23:08:22,655 - FileResourceLoader : initialization starting.
2020-06-16 23:08:22,655 - Do unicode file recognition:  false
2020-06-16 23:08:22,655 - FileResourceLoader : adding path '/Users/cistus/projects/java/springboot-demo/mydbflute/dbflute-1.2.1/templates'
2020-06-16 23:08:22,655 - FileResourceLoader : initialization complete.
2020-06-16 23:08:22,677 - ResourceCache: initialized (class org.apache.velocity.runtime.resource.ResourceCacheImpl) with class java.util.Collections$SynchronizedMap cache map.
2020-06-16 23:08:22,678 - Default ResourceManager initialization complete.
2020-06-16 23:08:22,680 - Loaded System Directive: org.apache.velocity.runtime.directive.Stop
2020-06-16 23:08:22,682 - Loaded System Directive: org.apache.velocity.runtime.directive.Define
2020-06-16 23:08:22,684 - Loaded System Directive: org.apache.velocity.runtime.directive.Break
2020-06-16 23:08:22,686 - Loaded System Directive: org.apache.velocity.runtime.directive.Evaluate
2020-06-16 23:08:22,687 - Loaded System Directive: org.apache.velocity.runtime.directive.Literal
2020-06-16 23:08:22,689 - Loaded System Directive: org.apache.velocity.runtime.directive.Macro
2020-06-16 23:08:22,692 - Loaded System Directive: org.apache.velocity.runtime.directive.Parse
2020-06-16 23:08:22,695 - Loaded System Directive: org.apache.velocity.runtime.directive.Include
2020-06-16 23:08:22,696 - Loaded System Directive: org.apache.velocity.runtime.directive.Foreach
2020-06-16 23:08:22,746 - Created '20' parsers.
2020-06-16 23:08:22,758 - Velocimacro : initialization starting.
2020-06-16 23:08:22,758 - Velocimacro : "velocimacro.library" is not set.  Trying default library: VM_global_library.vm
2020-06-16 23:08:22,758 - Velocimacro : Default library not found.
2020-06-16 23:08:22,758 - Velocimacro : allowInline = true : VMs can be defined inline in templates
2020-06-16 23:08:22,758 - Velocimacro : allowInlineToOverride = false : VMs defined inline may NOT replace previous VM definitions
2020-06-16 23:08:22,758 - Velocimacro : allowInlineLocal = false : VMs defined inline will be global in scope if allowed.
2020-06-16 23:08:22,758 - Velocimacro : autoload off : VM system will not automatically reload global library macros
2020-06-16 23:08:22,758 - Velocimacro : Velocimacro : initialization complete.
2020-06-16 23:08:22,758 - RuntimeInstance successfully initialized.
2020-06-16 23:08:22,783 - ResourceManager : found doc/ControlDocument.vm with loader org.apache.velocity.runtime.resource.loader.FileResourceLoader
2020-06-16 23:08:22,984 - Velocimacro : added VM escape: source=doc/html/datamodel.vm
2020-06-16 23:08:22,986 - ResourceManager : found doc/html/datamodel.vm with loader org.apache.velocity.runtime.resource.loader.FileResourceLoader
2020-06-16 23:08:23,067 - ResourceManager : found doc/html/table.vm with loader org.apache.velocity.runtime.resource.loader.FileResourceLoader
2020-06-16 23:08:23,117 - Velocimacro : VM addition rejected : escape : inline not allowed to replace existing VM
2020-06-16 23:08:23,117 - ResourceManager : found doc/html/diffmodel.vm with loader org.apache.velocity.runtime.resource.loader.FileResourceLoader
2020-06-16 23:08:25,884 - 
2020-06-16 23:08:25,886 - DfFlutistLog4JLogSystem initialized using logfile './log/velocity.log'
2020-06-16 23:08:25,886 - Initializing Velocity, Calling init()...
2020-06-16 23:08:25,886 - *******************************************************************
2020-06-16 23:08:25,886 - Starting Apache Velocity v1.7 (compiled: 2010-11-19 12:14:37)
2020-06-16 23:08:25,886 - RuntimeInstance initializing.
2020-06-16 23:08:25,886 - Default Properties File: org/apache/velocity/runtime/defaults/velocity.properties
2020-06-16 23:08:25,886 - Trying to use logger class org.dbflute.friends.velocity.DfFlutistLog4JLogSystem
2020-06-16 23:08:25,886 - Using logger class org.dbflute.friends.velocity.DfFlutistLog4JLogSystem
2020-06-16 23:08:25,889 - Default ResourceManager initializing. (class org.apache.velocity.runtime.resource.ResourceManagerImpl)
2020-06-16 23:08:25,895 - ResourceLoader instantiated: org.apache.velocity.runtime.resource.loader.FileResourceLoader
2020-06-16 23:08:25,897 - FileResourceLoader : initialization starting.
2020-06-16 23:08:25,897 - Do unicode file recognition:  false
2020-06-16 23:08:25,897 - FileResourceLoader : adding path '/Users/cistus/projects/java/springboot-demo/mydbflute/dbflute-1.2.1/templates'
2020-06-16 23:08:25,897 - FileResourceLoader : initialization complete.
2020-06-16 23:08:25,914 - ResourceCache: initialized (class org.apache.velocity.runtime.resource.ResourceCacheImpl) with class java.util.Collections$SynchronizedMap cache map.
2020-06-16 23:08:25,914 - Default ResourceManager initialization complete.
2020-06-16 23:08:25,916 - Loaded System Directive: org.apache.velocity.runtime.directive.Stop
2020-06-16 23:08:25,918 - Loaded System Directive: org.apache.velocity.runtime.directive.Define
2020-06-16 23:08:25,919 - Loaded System Directive: org.apache.velocity.runtime.directive.Break
2020-06-16 23:08:25,920 - Loaded System Directive: org.apache.velocity.runtime.directive.Evaluate
2020-06-16 23:08:25,921 - Loaded System Directive: org.apache.velocity.runtime.directive.Literal
2020-06-16 23:08:25,922 - Loaded System Directive: org.apache.velocity.runtime.directive.Macro
2020-06-16 23:08:25,924 - Loaded System Directive: org.apache.velocity.runtime.directive.Parse
2020-06-16 23:08:25,926 - Loaded System Directive: org.apache.velocity.runtime.directive.Include
2020-06-16 23:08:25,928 - Loaded System Directive: org.apache.velocity.runtime.directive.Foreach
2020-06-16 23:08:25,972 - Created '20' parsers.
2020-06-16 23:08:25,982 - Velocimacro : initialization starting.
2020-06-16 23:08:25,982 - Velocimacro : "velocimacro.library" is not set.  Trying default library: VM_global_library.vm
2020-06-16 23:08:25,983 - Velocimacro : Default library not found.
2020-06-16 23:08:25,983 - Velocimacro : allowInline = true : VMs can be defined inline in templates
2020-06-16 23:08:25,983 - Velocimacro : allowInlineToOverride = false : VMs defined inline may NOT replace previous VM definitions
2020-06-16 23:08:25,983 - Velocimacro : allowInlineLocal = false : VMs defined inline will be global in scope if allowed.
2020-06-16 23:08:25,983 - Velocimacro : autoload off : VM system will not automatically reload global library macros
2020-06-16 23:08:25,983 - Velocimacro : Velocimacro : initialization complete.
2020-06-16 23:08:25,983 - RuntimeInstance successfully initialized.
2020-06-16 23:08:26,074 - ResourceManager : found om/ControlGenerateJava.vm with loader org.apache.velocity.runtime.resource.loader.FileResourceLoader
2020-06-16 23:08:26,177 - ResourceManager : found om/java/allcommon/DBCurrent.vm with loader org.apache.velocity.runtime.resource.loader.FileResourceLoader
2020-06-16 23:08:26,198 - ResourceManager : found om/java/allcommon/DBFluteConfig.vm with loader org.apache.velocity.runtime.resource.loader.FileResourceLoader
2020-06-16 23:08:26,204 - Null reference [template 'om/java/allcommon/DBFluteConfig.vm', line 1171, column 59] : $PoolGuardConnectionWrapper cannot be resolved.
2020-06-16 23:08:26,212 - ResourceManager : found om/java/allcommon/DBFluteInitializer.vm with loader org.apache.velocity.runtime.resource.loader.FileResourceLoader
2020-06-16 23:08:26,257 - ResourceManager : found om/java/allcommon/DBMetaInstanceHandler.vm with loader org.apache.velocity.runtime.resource.loader.FileResourceLoader
2020-06-16 23:08:26,283 - ResourceManager : found om/java/allcommon/EntityDefinedCommonColumn.vm with loader org.apache.velocity.runtime.resource.loader.FileResourceLoader
2020-06-16 23:08:26,303 - ResourceManager : found om/java/allcommon/ImplementedBehaviorSelector.vm with loader org.apache.velocity.runtime.resource.loader.FileResourceLoader
2020-06-16 23:08:26,309 - ResourceManager : found om/java/allcommon/ImplementedCommonColumnAutoSetupper.vm with loader org.apache.velocity.runtime.resource.loader.FileResourceLoader
2020-06-16 23:08:26,315 - ResourceManager : found om/java/allcommon/ImplementedInvokerAssistant.vm with loader org.apache.velocity.runtime.resource.loader.FileResourceLoader
2020-06-16 23:08:26,321 - ResourceManager : found om/java/allcommon/ImplementedSqlClauseCreator.vm with loader org.apache.velocity.runtime.resource.loader.FileResourceLoader
2020-06-16 23:08:26,331 - ResourceManager : found om/java/allcommon/container/spring/SpringDBFluteBeansJavaConfig.vm with loader org.apache.velocity.runtime.resource.loader.FileResourceLoader
2020-06-16 23:08:26,384 - Null reference [template 'om/ControlGenerateJava.vm', line 290, column 38] : ${glPackageExtendedDao} cannot be resolved.
2020-06-16 23:08:26,384 - Null reference [template 'om/ControlGenerateJava.vm', line 293, column 34] : ${glPackageBaseDao} cannot be resolved.
2020-06-16 23:08:26,441 - ResourceManager : found om/java/bsbhv/BaseBhv.vm with loader org.apache.velocity.runtime.resource.loader.FileResourceLoader
2020-06-16 23:08:26,523 - ResourceManager : found om/java/bsbhv/ReferrerLoader.vm with loader org.apache.velocity.runtime.resource.loader.FileResourceLoader
2020-06-16 23:08:26,584 - ResourceManager : found om/java/bsentity/BaseEntity.vm with loader org.apache.velocity.runtime.resource.loader.FileResourceLoader
2020-06-16 23:08:26,609 - ResourceManager : found om/java/bsentity/dbmeta/DBMetaImpl.vm with loader org.apache.velocity.runtime.resource.loader.FileResourceLoader
2020-06-16 23:08:26,620 - ResourceManager : found om/java/exbhv/ExtendedBhv.vm with loader org.apache.velocity.runtime.resource.loader.FileResourceLoader
2020-06-16 23:08:26,626 - ResourceManager : found om/java/exentity/ExtendedEntity.vm with loader org.apache.velocity.runtime.resource.loader.FileResourceLoader
2020-06-16 23:08:26,656 - ResourceManager : found om/java/cbean/BsConditionBean.vm with loader org.apache.velocity.runtime.resource.loader.FileResourceLoader
2020-06-16 23:08:26,711 - ResourceManager : found om/java/cbean/AbstractBsConditionQuery.vm with loader org.apache.velocity.runtime.resource.loader.FileResourceLoader
2020-06-16 23:08:26,713 - RHS of #set statement is null. Context will not be modified. om/java/cbean/AbstractBsConditionQuery.vm[line 70, column 1]
2020-06-16 23:08:26,716 - RHS of #set statement is null. Context will not be modified. om/java/cbean/AbstractBsConditionQuery.vm[line 70, column 1]
2020-06-16 23:08:26,720 - RHS of #set statement is null. Context will not be modified. om/java/cbean/AbstractBsConditionQuery.vm[line 70, column 1]
2020-06-16 23:08:26,723 - RHS of #set statement is null. Context will not be modified. om/java/cbean/AbstractBsConditionQuery.vm[line 70, column 1]
2020-06-16 23:08:26,763 - ResourceManager : found om/java/cbean/BsConditionInlineQuery.vm with loader org.apache.velocity.runtime.resource.loader.FileResourceLoader
2020-06-16 23:08:26,763 - RHS of #set statement is null. Context will not be modified. om/java/cbean/BsConditionInlineQuery.vm[line 84, column 1]
2020-06-16 23:08:26,763 - RHS of #set statement is null. Context will not be modified. om/java/cbean/BsConditionInlineQuery.vm[line 84, column 1]
2020-06-16 23:08:26,764 - RHS of #set statement is null. Context will not be modified. om/java/cbean/BsConditionInlineQuery.vm[line 84, column 1]
2020-06-16 23:08:26,764 - RHS of #set statement is null. Context will not be modified. om/java/cbean/BsConditionInlineQuery.vm[line 84, column 1]
2020-06-16 23:08:26,783 - ResourceManager : found om/java/cbean/BsConditionQuery.vm with loader org.apache.velocity.runtime.resource.loader.FileResourceLoader
2020-06-16 23:08:26,784 - RHS of #set statement is null. Context will not be modified. om/java/cbean/BsConditionQuery.vm[line 104, column 1]
2020-06-16 23:08:26,785 - RHS of #set statement is null. Context will not be modified. om/java/cbean/BsConditionQuery.vm[line 104, column 1]
2020-06-16 23:08:26,785 - RHS of #set statement is null. Context will not be modified. om/java/cbean/BsConditionQuery.vm[line 104, column 1]
2020-06-16 23:08:26,785 - RHS of #set statement is null. Context will not be modified. om/java/cbean/BsConditionQuery.vm[line 104, column 1]
2020-06-16 23:08:26,790 - ResourceManager : found om/java/cbean/ExConditionBean.vm with loader org.apache.velocity.runtime.resource.loader.FileResourceLoader
2020-06-16 23:08:26,792 - ResourceManager : found om/java/cbean/ExConditionQuery.vm with loader org.apache.velocity.runtime.resource.loader.FileResourceLoader
2020-06-16 23:08:26,800 - ResourceManager : found om/java/plugin/simpledto/ControlPluginSimpleDtoGenerate.vm with loader org.apache.velocity.runtime.resource.loader.FileResourceLoader
2020-06-16 23:08:26,803 - ResourceManager : found om/java/plugin/flexdto/ControlPluginFlexDtoGenerate.vm with loader org.apache.velocity.runtime.resource.loader.FileResourceLoader
2020-06-16 23:08:28,871 - 
2020-06-16 23:08:28,871 - DfFlutistLog4JLogSystem initialized using logfile './log/velocity.log'
2020-06-16 23:08:28,871 - Initializing Velocity, Calling init()...
2020-06-16 23:08:28,871 - *******************************************************************
2020-06-16 23:08:28,871 - Starting Apache Velocity v1.7 (compiled: 2010-11-19 12:14:37)
2020-06-16 23:08:28,871 - RuntimeInstance initializing.
2020-06-16 23:08:28,871 - Default Properties File: org/apache/velocity/runtime/defaults/velocity.properties
2020-06-16 23:08:28,871 - Trying to use logger class org.dbflute.friends.velocity.DfFlutistLog4JLogSystem
2020-06-16 23:08:28,871 - Using logger class org.dbflute.friends.velocity.DfFlutistLog4JLogSystem
2020-06-16 23:08:28,873 - Default ResourceManager initializing. (class org.apache.velocity.runtime.resource.ResourceManagerImpl)
2020-06-16 23:08:28,876 - ResourceLoader instantiated: org.apache.velocity.runtime.resource.loader.FileResourceLoader
2020-06-16 23:08:28,877 - FileResourceLoader : initialization starting.
2020-06-16 23:08:28,877 - Do unicode file recognition:  false
2020-06-16 23:08:28,877 - FileResourceLoader : adding path '/Users/cistus/projects/java/springboot-demo/mydbflute/dbflute-1.2.1/templates'
2020-06-16 23:08:28,877 - FileResourceLoader : initialization complete.
2020-06-16 23:08:28,886 - ResourceCache: initialized (class org.apache.velocity.runtime.resource.ResourceCacheImpl) with class java.util.Collections$SynchronizedMap cache map.
2020-06-16 23:08:28,886 - Default ResourceManager initialization complete.
2020-06-16 23:08:28,888 - Loaded System Directive: org.apache.velocity.runtime.directive.Stop
2020-06-16 23:08:28,890 - Loaded System Directive: org.apache.velocity.runtime.directive.Define
2020-06-16 23:08:28,891 - Loaded System Directive: org.apache.velocity.runtime.directive.Break
2020-06-16 23:08:28,892 - Loaded System Directive: org.apache.velocity.runtime.directive.Evaluate
2020-06-16 23:08:28,893 - Loaded System Directive: org.apache.velocity.runtime.directive.Literal
2020-06-16 23:08:28,894 - Loaded System Directive: org.apache.velocity.runtime.directive.Macro
2020-06-16 23:08:28,895 - Loaded System Directive: org.apache.velocity.runtime.directive.Parse
2020-06-16 23:08:28,897 - Loaded System Directive: org.apache.velocity.runtime.directive.Include
2020-06-16 23:08:28,898 - Loaded System Directive: org.apache.velocity.runtime.directive.Foreach
2020-06-16 23:08:28,933 - Created '20' parsers.
2020-06-16 23:08:28,941 - Velocimacro : initialization starting.
2020-06-16 23:08:28,941 - Velocimacro : "velocimacro.library" is not set.  Trying default library: VM_global_library.vm
2020-06-16 23:08:28,941 - Velocimacro : Default library not found.
2020-06-16 23:08:28,941 - Velocimacro : allowInline = true : VMs can be defined inline in templates
2020-06-16 23:08:28,941 - Velocimacro : allowInlineToOverride = false : VMs defined inline may NOT replace previous VM definitions
2020-06-16 23:08:28,941 - Velocimacro : allowInlineLocal = false : VMs defined inline will be global in scope if allowed.
2020-06-16 23:08:28,941 - Velocimacro : autoload off : VM system will not automatically reload global library macros
2020-06-16 23:08:28,941 - Velocimacro : Velocimacro : initialization complete.
2020-06-16 23:08:28,941 - RuntimeInstance successfully initialized.
2020-06-16 23:08:29,003 - ResourceManager : found om/ControlSql2EntityJava.vm with loader org.apache.velocity.runtime.resource.loader.FileResourceLoader
2020-06-16 23:08:29,064 - ResourceManager : found om/java/plugin/simpledto/ControlPluginSimpleDtoSql2Entity.vm with loader org.apache.velocity.runtime.resource.loader.FileResourceLoader
2020-06-16 23:08:29,087 - ResourceManager : found om/java/plugin/flexdto/ControlPluginFlexDtoSql2Entity.vm with loader org.apache.velocity.runtime.resource.loader.FileResourceLoader
2020-06-16 23:14:00,365 - 
2020-06-16 23:14:00,366 - DfFlutistLog4JLogSystem initialized using logfile './log/velocity.log'
2020-06-16 23:14:00,366 - Initializing Velocity, Calling init()...
2020-06-16 23:14:00,366 - *******************************************************************
2020-06-16 23:14:00,366 - Starting Apache Velocity v1.7 (compiled: 2010-11-19 12:14:37)
2020-06-16 23:14:00,366 - RuntimeInstance initializing.
2020-06-16 23:14:00,366 - Default Properties File: org/apache/velocity/runtime/defaults/velocity.properties
2020-06-16 23:14:00,366 - Trying to use logger class org.dbflute.friends.velocity.DfFlutistLog4JLogSystem
2020-06-16 23:14:00,366 - Using logger class org.dbflute.friends.velocity.DfFlutistLog4JLogSystem
2020-06-16 23:14:00,369 - Default ResourceManager initializing. (class org.apache.velocity.runtime.resource.ResourceManagerImpl)
2020-06-16 23:14:00,374 - ResourceLoader instantiated: org.apache.velocity.runtime.resource.loader.FileResourceLoader
2020-06-16 23:14:00,375 - FileResourceLoader : initialization starting.
2020-06-16 23:14:00,375 - Do unicode file recognition:  false
2020-06-16 23:14:00,375 - FileResourceLoader : adding path '/Users/cistus/projects/java/springboot-demo/mydbflute/dbflute-1.2.1/templates'
2020-06-16 23:14:00,375 - FileResourceLoader : initialization complete.
2020-06-16 23:14:00,392 - ResourceCache: initialized (class org.apache.velocity.runtime.resource.ResourceCacheImpl) with class java.util.Collections$SynchronizedMap cache map.
2020-06-16 23:14:00,393 - Default ResourceManager initialization complete.
2020-06-16 23:14:00,395 - Loaded System Directive: org.apache.velocity.runtime.directive.Stop
2020-06-16 23:14:00,397 - Loaded System Directive: org.apache.velocity.runtime.directive.Define
2020-06-16 23:14:00,398 - Loaded System Directive: org.apache.velocity.runtime.directive.Break
2020-06-16 23:14:00,399 - Loaded System Directive: org.apache.velocity.runtime.directive.Evaluate
2020-06-16 23:14:00,400 - Loaded System Directive: org.apache.velocity.runtime.directive.Literal
2020-06-16 23:14:00,402 - Loaded System Directive: org.apache.velocity.runtime.directive.Macro
2020-06-16 23:14:00,403 - Loaded System Directive: org.apache.velocity.runtime.directive.Parse
2020-06-16 23:14:00,405 - Loaded System Directive: org.apache.velocity.runtime.directive.Include
2020-06-16 23:14:00,406 - Loaded System Directive: org.apache.velocity.runtime.directive.Foreach
2020-06-16 23:14:00,453 - Created '20' parsers.
2020-06-16 23:14:00,463 - Velocimacro : initialization starting.
2020-06-16 23:14:00,464 - Velocimacro : "velocimacro.library" is not set.  Trying default library: VM_global_library.vm
2020-06-16 23:14:00,464 - Velocimacro : Default library not found.
2020-06-16 23:14:00,464 - Velocimacro : allowInline = true : VMs can be defined inline in templates
2020-06-16 23:14:00,464 - Velocimacro : allowInlineToOverride = false : VMs defined inline may NOT replace previous VM definitions
2020-06-16 23:14:00,464 - Velocimacro : allowInlineLocal = false : VMs defined inline will be global in scope if allowed.
2020-06-16 23:14:00,464 - Velocimacro : autoload off : VM system will not automatically reload global library macros
2020-06-16 23:14:00,464 - Velocimacro : Velocimacro : initialization complete.
2020-06-16 23:14:00,464 - RuntimeInstance successfully initialized.
2020-06-16 23:14:00,584 - ResourceManager : found doc/ControlDocument.vm with loader org.apache.velocity.runtime.resource.loader.FileResourceLoader
2020-06-16 23:14:00,721 - Velocimacro : added VM escape: source=doc/html/datamodel.vm
2020-06-16 23:14:00,724 - ResourceManager : found doc/html/datamodel.vm with loader org.apache.velocity.runtime.resource.loader.FileResourceLoader
2020-06-16 23:14:00,805 - ResourceManager : found doc/html/table.vm with loader org.apache.velocity.runtime.resource.loader.FileResourceLoader
2020-06-16 23:14:00,862 - Velocimacro : VM addition rejected : escape : inline not allowed to replace existing VM
2020-06-16 23:14:00,862 - ResourceManager : found doc/html/diffmodel.vm with loader org.apache.velocity.runtime.resource.loader.FileResourceLoader
2020-06-16 23:14:03,554 - 
2020-06-16 23:14:03,554 - DfFlutistLog4JLogSystem initialized using logfile './log/velocity.log'
2020-06-16 23:14:03,554 - Initializing Velocity, Calling init()...
2020-06-16 23:14:03,555 - *******************************************************************
2020-06-16 23:14:03,555 - Starting Apache Velocity v1.7 (compiled: 2010-11-19 12:14:37)
2020-06-16 23:14:03,555 - RuntimeInstance initializing.
2020-06-16 23:14:03,555 - Default Properties File: org/apache/velocity/runtime/defaults/velocity.properties
2020-06-16 23:14:03,555 - Trying to use logger class org.dbflute.friends.velocity.DfFlutistLog4JLogSystem
2020-06-16 23:14:03,555 - Using logger class org.dbflute.friends.velocity.DfFlutistLog4JLogSystem
2020-06-16 23:14:03,558 - Default ResourceManager initializing. (class org.apache.velocity.runtime.resource.ResourceManagerImpl)
2020-06-16 23:14:03,563 - ResourceLoader instantiated: org.apache.velocity.runtime.resource.loader.FileResourceLoader
2020-06-16 23:14:03,564 - FileResourceLoader : initialization starting.
2020-06-16 23:14:03,564 - Do unicode file recognition:  false
2020-06-16 23:14:03,564 - FileResourceLoader : adding path '/Users/cistus/projects/java/springboot-demo/mydbflute/dbflute-1.2.1/templates'
2020-06-16 23:14:03,564 - FileResourceLoader : initialization complete.
2020-06-16 23:14:03,580 - ResourceCache: initialized (class org.apache.velocity.runtime.resource.ResourceCacheImpl) with class java.util.Collections$SynchronizedMap cache map.
2020-06-16 23:14:03,580 - Default ResourceManager initialization complete.
2020-06-16 23:14:03,583 - Loaded System Directive: org.apache.velocity.runtime.directive.Stop
2020-06-16 23:14:03,585 - Loaded System Directive: org.apache.velocity.runtime.directive.Define
2020-06-16 23:14:03,586 - Loaded System Directive: org.apache.velocity.runtime.directive.Break
2020-06-16 23:14:03,587 - Loaded System Directive: org.apache.velocity.runtime.directive.Evaluate
2020-06-16 23:14:03,588 - Loaded System Directive: org.apache.velocity.runtime.directive.Literal
2020-06-16 23:14:03,590 - Loaded System Directive: org.apache.velocity.runtime.directive.Macro
2020-06-16 23:14:03,593 - Loaded System Directive: org.apache.velocity.runtime.directive.Parse
2020-06-16 23:14:03,596 - Loaded System Directive: org.apache.velocity.runtime.directive.Include
2020-06-16 23:14:03,597 - Loaded System Directive: org.apache.velocity.runtime.directive.Foreach
2020-06-16 23:14:03,642 - Created '20' parsers.
2020-06-16 23:14:03,649 - Velocimacro : initialization starting.
2020-06-16 23:14:03,649 - Velocimacro : "velocimacro.library" is not set.  Trying default library: VM_global_library.vm
2020-06-16 23:14:03,650 - Velocimacro : Default library not found.
2020-06-16 23:14:03,650 - Velocimacro : allowInline = true : VMs can be defined inline in templates
2020-06-16 23:14:03,650 - Velocimacro : allowInlineToOverride = false : VMs defined inline may NOT replace previous VM definitions
2020-06-16 23:14:03,650 - Velocimacro : allowInlineLocal = false : VMs defined inline will be global in scope if allowed.
2020-06-16 23:14:03,650 - Velocimacro : autoload off : VM system will not automatically reload global library macros
2020-06-16 23:14:03,650 - Velocimacro : Velocimacro : initialization complete.
2020-06-16 23:14:03,650 - RuntimeInstance successfully initialized.
2020-06-16 23:14:03,749 - ResourceManager : found om/ControlGenerateJava.vm with loader org.apache.velocity.runtime.resource.loader.FileResourceLoader
2020-06-16 23:14:03,850 - ResourceManager : found om/java/allcommon/DBCurrent.vm with loader org.apache.velocity.runtime.resource.loader.FileResourceLoader
2020-06-16 23:14:03,878 - ResourceManager : found om/java/allcommon/DBFluteConfig.vm with loader org.apache.velocity.runtime.resource.loader.FileResourceLoader
2020-06-16 23:14:03,884 - Null reference [template 'om/java/allcommon/DBFluteConfig.vm', line 1171, column 59] : $PoolGuardConnectionWrapper cannot be resolved.
2020-06-16 23:14:03,935 - ResourceManager : found om/java/allcommon/DBFluteInitializer.vm with loader org.apache.velocity.runtime.resource.loader.FileResourceLoader
2020-06-16 23:14:03,943 - ResourceManager : found om/java/allcommon/DBMetaInstanceHandler.vm with loader org.apache.velocity.runtime.resource.loader.FileResourceLoader
2020-06-16 23:14:03,975 - ResourceManager : found om/java/allcommon/EntityDefinedCommonColumn.vm with loader org.apache.velocity.runtime.resource.loader.FileResourceLoader
2020-06-16 23:14:04,000 - ResourceManager : found om/java/allcommon/ImplementedBehaviorSelector.vm with loader org.apache.velocity.runtime.resource.loader.FileResourceLoader
2020-06-16 23:14:04,006 - ResourceManager : found om/java/allcommon/ImplementedCommonColumnAutoSetupper.vm with loader org.apache.velocity.runtime.resource.loader.FileResourceLoader
2020-06-16 23:14:04,017 - ResourceManager : found om/java/allcommon/ImplementedInvokerAssistant.vm with loader org.apache.velocity.runtime.resource.loader.FileResourceLoader
2020-06-16 23:14:04,023 - ResourceManager : found om/java/allcommon/ImplementedSqlClauseCreator.vm with loader org.apache.velocity.runtime.resource.loader.FileResourceLoader
2020-06-16 23:14:04,034 - ResourceManager : found om/java/allcommon/container/spring/SpringDBFluteBeansJavaConfig.vm with loader org.apache.velocity.runtime.resource.loader.FileResourceLoader
2020-06-16 23:14:04,081 - Null reference [template 'om/ControlGenerateJava.vm', line 290, column 38] : ${glPackageExtendedDao} cannot be resolved.
2020-06-16 23:14:04,081 - Null reference [template 'om/ControlGenerateJava.vm', line 293, column 34] : ${glPackageBaseDao} cannot be resolved.
2020-06-16 23:14:04,118 - ResourceManager : found om/java/bsbhv/BaseBhv.vm with loader org.apache.velocity.runtime.resource.loader.FileResourceLoader
2020-06-16 23:14:04,159 - ResourceManager : found om/java/bsbhv/ReferrerLoader.vm with loader org.apache.velocity.runtime.resource.loader.FileResourceLoader
2020-06-16 23:14:04,173 - ResourceManager : found om/java/bsentity/BaseEntity.vm with loader org.apache.velocity.runtime.resource.loader.FileResourceLoader
2020-06-16 23:14:04,196 - ResourceManager : found om/java/bsentity/dbmeta/DBMetaImpl.vm with loader org.apache.velocity.runtime.resource.loader.FileResourceLoader
2020-06-16 23:14:04,222 - ResourceManager : found om/java/cbean/BsConditionBean.vm with loader org.apache.velocity.runtime.resource.loader.FileResourceLoader
2020-06-16 23:14:04,259 - ResourceManager : found om/java/cbean/AbstractBsConditionQuery.vm with loader org.apache.velocity.runtime.resource.loader.FileResourceLoader
2020-06-16 23:14:04,262 - RHS of #set statement is null. Context will not be modified. om/java/cbean/AbstractBsConditionQuery.vm[line 70, column 1]
2020-06-16 23:14:04,265 - RHS of #set statement is null. Context will not be modified. om/java/cbean/AbstractBsConditionQuery.vm[line 70, column 1]
2020-06-16 23:14:04,269 - RHS of #set statement is null. Context will not be modified. om/java/cbean/AbstractBsConditionQuery.vm[line 70, column 1]
2020-06-16 23:14:04,271 - RHS of #set statement is null. Context will not be modified. om/java/cbean/AbstractBsConditionQuery.vm[line 70, column 1]
2020-06-16 23:14:04,284 - ResourceManager : found om/java/cbean/BsConditionInlineQuery.vm with loader org.apache.velocity.runtime.resource.loader.FileResourceLoader
2020-06-16 23:14:04,285 - RHS of #set statement is null. Context will not be modified. om/java/cbean/BsConditionInlineQuery.vm[line 84, column 1]
2020-06-16 23:14:04,285 - RHS of #set statement is null. Context will not be modified. om/java/cbean/BsConditionInlineQuery.vm[line 84, column 1]
2020-06-16 23:14:04,285 - RHS of #set statement is null. Context will not be modified. om/java/cbean/BsConditionInlineQuery.vm[line 84, column 1]
2020-06-16 23:14:04,285 - RHS of #set statement is null. Context will not be modified. om/java/cbean/BsConditionInlineQuery.vm[line 84, column 1]
2020-06-16 23:14:04,301 - ResourceManager : found om/java/cbean/BsConditionQuery.vm with loader org.apache.velocity.runtime.resource.loader.FileResourceLoader
2020-06-16 23:14:04,302 - RHS of #set statement is null. Context will not be modified. om/java/cbean/BsConditionQuery.vm[line 104, column 1]
2020-06-16 23:14:04,303 - RHS of #set statement is null. Context will not be modified. om/java/cbean/BsConditionQuery.vm[line 104, column 1]
2020-06-16 23:14:04,303 - RHS of #set statement is null. Context will not be modified. om/java/cbean/BsConditionQuery.vm[line 104, column 1]
2020-06-16 23:14:04,303 - RHS of #set statement is null. Context will not be modified. om/java/cbean/BsConditionQuery.vm[line 104, column 1]
2020-06-16 23:14:04,312 - ResourceManager : found om/java/plugin/simpledto/ControlPluginSimpleDtoGenerate.vm with loader org.apache.velocity.runtime.resource.loader.FileResourceLoader
2020-06-16 23:14:04,317 - ResourceManager : found om/java/plugin/flexdto/ControlPluginFlexDtoGenerate.vm with loader org.apache.velocity.runtime.resource.loader.FileResourceLoader
2020-06-16 23:14:06,209 - 
2020-06-16 23:14:06,210 - DfFlutistLog4JLogSystem initialized using logfile './log/velocity.log'
2020-06-16 23:14:06,210 - Initializing Velocity, Calling init()...
2020-06-16 23:14:06,210 - *******************************************************************
2020-06-16 23:14:06,210 - Starting Apache Velocity v1.7 (compiled: 2010-11-19 12:14:37)
2020-06-16 23:14:06,210 - RuntimeInstance initializing.
2020-06-16 23:14:06,210 - Default Properties File: org/apache/velocity/runtime/defaults/velocity.properties
2020-06-16 23:14:06,210 - Trying to use logger class org.dbflute.friends.velocity.DfFlutistLog4JLogSystem
2020-06-16 23:14:06,210 - Using logger class org.dbflute.friends.velocity.DfFlutistLog4JLogSystem
2020-06-16 23:14:06,212 - Default ResourceManager initializing. (class org.apache.velocity.runtime.resource.ResourceManagerImpl)
2020-06-16 23:14:06,215 - ResourceLoader instantiated: org.apache.velocity.runtime.resource.loader.FileResourceLoader
2020-06-16 23:14:06,216 - FileResourceLoader : initialization starting.
2020-06-16 23:14:06,216 - Do unicode file recognition:  false
2020-06-16 23:14:06,216 - FileResourceLoader : adding path '/Users/cistus/projects/java/springboot-demo/mydbflute/dbflute-1.2.1/templates'
2020-06-16 23:14:06,217 - FileResourceLoader : initialization complete.
2020-06-16 23:14:06,226 - ResourceCache: initialized (class org.apache.velocity.runtime.resource.ResourceCacheImpl) with class java.util.Collections$SynchronizedMap cache map.
2020-06-16 23:14:06,226 - Default ResourceManager initialization complete.
2020-06-16 23:14:06,228 - Loaded System Directive: org.apache.velocity.runtime.directive.Stop
2020-06-16 23:14:06,230 - Loaded System Directive: org.apache.velocity.runtime.directive.Define
2020-06-16 23:14:06,231 - Loaded System Directive: org.apache.velocity.runtime.directive.Break
2020-06-16 23:14:06,232 - Loaded System Directive: org.apache.velocity.runtime.directive.Evaluate
2020-06-16 23:14:06,233 - Loaded System Directive: org.apache.velocity.runtime.directive.Literal
2020-06-16 23:14:06,234 - Loaded System Directive: org.apache.velocity.runtime.directive.Macro
2020-06-16 23:14:06,236 - Loaded System Directive: org.apache.velocity.runtime.directive.Parse
2020-06-16 23:14:06,237 - Loaded System Directive: org.apache.velocity.runtime.directive.Include
2020-06-16 23:14:06,238 - Loaded System Directive: org.apache.velocity.runtime.directive.Foreach
2020-06-16 23:14:06,269 - Created '20' parsers.
2020-06-16 23:14:06,277 - Velocimacro : initialization starting.
2020-06-16 23:14:06,277 - Velocimacro : "velocimacro.library" is not set.  Trying default library: VM_global_library.vm
2020-06-16 23:14:06,277 - Velocimacro : Default library not found.
2020-06-16 23:14:06,277 - Velocimacro : allowInline = true : VMs can be defined inline in templates
2020-06-16 23:14:06,277 - Velocimacro : allowInlineToOverride = false : VMs defined inline may NOT replace previous VM definitions
2020-06-16 23:14:06,277 - Velocimacro : allowInlineLocal = false : VMs defined inline will be global in scope if allowed.
2020-06-16 23:14:06,277 - Velocimacro : autoload off : VM system will not automatically reload global library macros
2020-06-16 23:14:06,277 - Velocimacro : Velocimacro : initialization complete.
2020-06-16 23:14:06,277 - RuntimeInstance successfully initialized.
2020-06-16 23:14:06,337 - ResourceManager : found om/ControlSql2EntityJava.vm with loader org.apache.velocity.runtime.resource.loader.FileResourceLoader
2020-06-16 23:14:06,406 - ResourceManager : found om/java/plugin/simpledto/ControlPluginSimpleDtoSql2Entity.vm with loader org.apache.velocity.runtime.resource.loader.FileResourceLoader
2020-06-16 23:14:06,415 - ResourceManager : found om/java/plugin/flexdto/ControlPluginFlexDtoSql2Entity.vm with loader org.apache.velocity.runtime.resource.loader.FileResourceLoader
